<?xml version="1.0" encoding="UTF-8"?>
<!-- Generated by org.testng.reporters.JUnitReportReporter -->
<testsuite skipped="0" hostname="DESKTOP-6ANIG3D" name="testcases.BankManagerLoginTest" tests="1" failures="0" timestamp="29 груд. 2022 17:41:13 GMT" time="24.584" errors="0">
  <testcase name="loginAsBankManager" time="24.584" classname="testcases.BankManagerLoginTest"/>
</testsuite> <!-- testcases.BankManagerLoginTest -->
