<?xml version="1.0" encoding="UTF-8"?>
<!-- Generated by org.testng.reporters.JUnitReportReporter -->
<testsuite skipped="1" hostname="DESKTOP-6ANIG3D" name="testcases.AddCustomerTest" tests="3" failures="0" timestamp="29 груд. 2022 17:41:13 GMT" time="31.839" errors="0">
  <testcase name="addCustomerTest" time="7.479" classname="testcases.AddCustomerTest"/>
  <testcase name="addCustomerTest" time="19.446" classname="testcases.AddCustomerTest"/>
  <testcase name="addCustomerTest" time="4.914" classname="testcases.AddCustomerTest">
    <skipped/>
  </testcase> <!-- addCustomerTest -->
</testsuite> <!-- testcases.AddCustomerTest -->
