<?xml version="1.0" encoding="UTF-8"?>
<!-- Generated by org.testng.reporters.JUnitReportReporter -->
<testsuite skipped="0" hostname="DESKTOP-6ANIG3D" name="testcases.OpenAccountTest" tests="2" failures="0" timestamp="29 груд. 2022 17:41:13 GMT" time="31.884" errors="0">
  <testcase name="openAccountTest" time="8.044" classname="testcases.OpenAccountTest"/>
  <testcase name="openAccountTest" time="23.840" classname="testcases.OpenAccountTest"/>
</testsuite> <!-- testcases.OpenAccountTest -->
